<?xml version="1.0" encoding="UTF-8"?>
<robot generator="Robot 3.2.1 (Python 3.8.5 on win32)" generated="20200728 19:12:41.400" rpa="false">
<suite id="s1" name="Shopee" source="C:\Users\narongritrod\Desktop\shopee-assignment\shopee.robot">
<test id="s1-t1" name="ซื้อเครื่องวัดความดัน Xiaomi ใน Shopee ผ่าน Chrome">
<kw name="เปิด Shopee ด้วย Google Chrome" library="keywords" type="setup">
<kw name="Open Browser" library="SeleniumLibrary">
<doc>Opens a new browser instance to the optional ``url``.</doc>
<arguments>
<arg>${URL}</arg>
<arg>chrome</arg>
</arguments>
<msg timestamp="20200728 19:12:41.694" level="INFO">Opening browser 'chrome' to base url 'https://shopee.co.th/(Pre-Order)-Xiaomi-iHealth-Blood-Pressure-Monitor-2-%E0%B9%80%E0%B8%84%E0%B8%A3%E0%B8%B7%E0%B9%88%E0%B8%AD%E0%B8%87%E0%B8%A7%E0%B8%B1%E0%B8%94%E0%B8%84%E0%B8%A7%E0%B8%B2%E0%B8%A1%E0%B8%94%E0%B8%B1%E0%B8%99-%E0%B8%A3%E0%B8%B8%E0%B9%88%E0%B8%99-2-i.8172430.1307643368'.</msg>
<status status="PASS" starttime="20200728 19:12:41.694" endtime="20200728 19:12:49.354"></status>
</kw>
<status status="PASS" starttime="20200728 19:12:41.694" endtime="20200728 19:12:49.354"></status>
</kw>
<kw name="กดเลือกภาษาอังกฤษ" library="keywords">
<kw name="Wait Until Page Contains Element" library="SeleniumLibrary">
<doc>Waits until the element ``locator`` appears on the current page.</doc>
<arguments>
<arg>//button[@class="shopee-button-outline shopee-button-outline--primary-reverse "]</arg>
</arguments>
<status status="PASS" starttime="20200728 19:12:49.357" endtime="20200728 19:12:49.560"></status>
</kw>
<kw name="Click Element" library="SeleniumLibrary">
<doc>Click the element identified by ``locator``.</doc>
<arguments>
<arg>//button[@class="shopee-button-outline shopee-button-outline--primary-reverse "]</arg>
</arguments>
<msg timestamp="20200728 19:12:49.560" level="INFO">Clicking element '//button[@class="shopee-button-outline shopee-button-outline--primary-reverse "]'.</msg>
<status status="PASS" starttime="20200728 19:12:49.560" endtime="20200728 19:12:50.352"></status>
</kw>
<status status="PASS" starttime="20200728 19:12:49.356" endtime="20200728 19:12:50.352"></status>
</kw>
<kw name="กดซื้อเลย" library="keywords">
<kw name="Wait Until Page Contains Element" library="SeleniumLibrary">
<doc>Waits until the element ``locator`` appears on the current page.</doc>
<arguments>
<arg>//button[@class="btn btn-solid-primary btn--l YtgjXY"]</arg>
</arguments>
<status status="PASS" starttime="20200728 19:12:50.353" endtime="20200728 19:12:50.429"></status>
</kw>
<kw name="Click Element" library="SeleniumLibrary">
<doc>Click the element identified by ``locator``.</doc>
<arguments>
<arg>//button[@class="btn btn-solid-primary btn--l YtgjXY"]</arg>
</arguments>
<msg timestamp="20200728 19:12:50.431" level="INFO">Clicking element '//button[@class="btn btn-solid-primary btn--l YtgjXY"]'.</msg>
<status status="PASS" starttime="20200728 19:12:50.430" endtime="20200728 19:12:50.971"></status>
</kw>
<status status="PASS" starttime="20200728 19:12:50.353" endtime="20200728 19:12:50.971"></status>
</kw>
<kw name="ลงชื่อผู้ใช้" library="keywords">
<kw name="Wait Until Page Contains Element" library="SeleniumLibrary">
<doc>Waits until the element ``locator`` appears on the current page.</doc>
<arguments>
<arg>//input[@placeholder="หมายเลขโทรศัพท์ / Email / ชื่อผู้ใช้"]</arg>
</arguments>
<status status="PASS" starttime="20200728 19:12:50.973" endtime="20200728 19:12:52.442"></status>
</kw>
<kw name="Input Text" library="SeleniumLibrary">
<doc>Types the given ``text`` into the text field identified by ``locator``.</doc>
<arguments>
<arg>//input[@placeholder="หมายเลขโทรศัพท์ / Email / ชื่อผู้ใช้"]</arg>
<arg>${EMAIL}</arg>
</arguments>
<msg timestamp="20200728 19:12:52.443" level="INFO">Typing text 'test.test@outlook.co.th' into text field '//input[@placeholder="หมายเลขโทรศัพท์ / Email / ชื่อผู้ใช้"]'.</msg>
<status status="PASS" starttime="20200728 19:12:52.443" endtime="20200728 19:12:53.117"></status>
</kw>
<kw name="Input Text" library="SeleniumLibrary">
<doc>Types the given ``text`` into the text field identified by ``locator``.</doc>
<arguments>
<arg>//input[@placeholder="รหัสผ่าน"]</arg>
<arg>${PASSWORD}</arg>
</arguments>
<msg timestamp="20200728 19:12:53.117" level="INFO">Typing text 'AllianzG4' into text field '//input[@placeholder="รหัสผ่าน"]'.</msg>
<status status="PASS" starttime="20200728 19:12:53.117" endtime="20200728 19:12:53.396"></status>
</kw>
<status status="PASS" starttime="20200728 19:12:50.972" endtime="20200728 19:12:53.397"></status>
</kw>
<kw name="กด Enter" library="keywords">
<kw name="Press Keys" library="SeleniumLibrary">
<doc>Simulates the user pressing key(s) to an element or on the active browser.</doc>
<arguments>
<arg>//input[@placeholder="รหัสผ่าน"]</arg>
<arg>RETURN</arg>
</arguments>
<msg timestamp="20200728 19:12:53.399" level="INFO">Sending key(s) ('RETURN',) to //input[@placeholder="รหัสผ่าน"] element.</msg>
<msg timestamp="20200728 19:12:53.731" level="INFO">Pressing special key RETURN to element.</msg>
<msg timestamp="20200728 19:12:53.732" level="INFO">Releasing special key RETURN.</msg>
<status status="PASS" starttime="20200728 19:12:53.398" endtime="20200728 19:12:53.820"></status>
</kw>
<status status="PASS" starttime="20200728 19:12:53.398" endtime="20200728 19:12:53.820"></status>
</kw>
<kw name="หยุดรอพิมพ์ OTP" library="keywords">
<kw name="Sleep" library="BuiltIn">
<doc>Pauses the test executed for the given time.</doc>
<arguments>
<arg>${TIME}</arg>
</arguments>
<msg timestamp="20200728 19:14:23.829" level="INFO">Slept 1 minute 30 seconds</msg>
<status status="PASS" starttime="20200728 19:12:53.822" endtime="20200728 19:14:23.829"></status>
</kw>
<status status="PASS" starttime="20200728 19:12:53.821" endtime="20200728 19:14:23.829"></status>
</kw>
<kw name="กดตะกร้าสินค้า" library="keywords">
<kw name="Click Element" library="SeleniumLibrary">
<doc>Click the element identified by ``locator``.</doc>
<arguments>
<arg>//*[@id="main"]/div/div[2]/div[2]/div[2]/div[2]/div[3]/div/div[5]/div/div/button[2]</arg>
</arguments>
<msg timestamp="20200728 19:14:23.831" level="INFO">Clicking element '//*[@id="main"]/div/div[2]/div[2]/div[2]/div[2]/div[3]/div/div[5]/div/div/button[2]'.</msg>
<status status="PASS" starttime="20200728 19:14:23.831" endtime="20200728 19:14:24.104"></status>
</kw>
<status status="PASS" starttime="20200728 19:14:23.831" endtime="20200728 19:14:24.104"></status>
</kw>
<kw name="ตรวจสอบ ราคา รายละเอียดสินค้า" library="keywords">
<kw name="Wait Until Page Contains Element" library="SeleniumLibrary">
<doc>Waits until the element ``locator`` appears on the current page.</doc>
<arguments>
<arg>class:cart-item-overview__name</arg>
</arguments>
<status status="PASS" starttime="20200728 19:14:24.106" endtime="20200728 19:14:25.732"></status>
</kw>
<kw name="Element Should Contain" library="SeleniumLibrary">
<doc>Verifies that element ``locator`` contains text ``expected``.</doc>
<arguments>
<arg>class:cart-item-overview__name</arg>
<arg>(Pre-Order) Xiaomi iHealth Blood Pressure Monitor 2 - เครื่องวัดความดัน รุ่น 2</arg>
</arguments>
<msg timestamp="20200728 19:14:25.794" level="INFO">Element 'class:cart-item-overview__name' contains text '(Pre-Order) Xiaomi iHealth Blood Pressure Monitor 2 - เครื่องวัดความดัน รุ่น 2'.</msg>
<status status="PASS" starttime="20200728 19:14:25.732" endtime="20200728 19:14:25.794"></status>
</kw>
<kw name="Wait Until Page Contains Element" library="SeleniumLibrary">
<doc>Waits until the element ``locator`` appears on the current page.</doc>
<arguments>
<arg>//*[@id="main"]//div[4]/div/span</arg>
</arguments>
<status status="PASS" starttime="20200728 19:14:25.794" endtime="20200728 19:14:25.863"></status>
</kw>
<kw name="Element Should Contain" library="SeleniumLibrary">
<doc>Verifies that element ``locator`` contains text ``expected``.</doc>
<arguments>
<arg>//*[@id="main"]//div[4]/div/span</arg>
<arg>฿11,160</arg>
</arguments>
<msg timestamp="20200728 19:14:25.975" level="INFO">Element '//*[@id="main"]//div[4]/div/span' contains text '฿11,160'.</msg>
<status status="PASS" starttime="20200728 19:14:25.863" endtime="20200728 19:14:25.975"></status>
</kw>
<kw name="Wait Until Page Contains Element" library="SeleniumLibrary">
<doc>Waits until the element ``locator`` appears on the current page.</doc>
<arguments>
<arg>//*[@id="main"]//div[5]/div[1]/input</arg>
</arguments>
<status status="PASS" starttime="20200728 19:14:25.975" endtime="20200728 19:14:26.033"></status>
</kw>
<kw name="Wait Until Page Contains Element" library="SeleniumLibrary">
<doc>Waits until the element ``locator`` appears on the current page.</doc>
<arguments>
<arg>class:cart-item__cell-total-price</arg>
</arguments>
<status status="PASS" starttime="20200728 19:14:26.033" endtime="20200728 19:14:26.082"></status>
</kw>
<kw name="Element Should Contain" library="SeleniumLibrary">
<doc>Verifies that element ``locator`` contains text ``expected``.</doc>
<arguments>
<arg>class:cart-item__cell-total-price</arg>
<arg>฿11,160</arg>
</arguments>
<msg timestamp="20200728 19:14:26.150" level="INFO">Element 'class:cart-item__cell-total-price' contains text '฿11,160'.</msg>
<status status="PASS" starttime="20200728 19:14:26.082" endtime="20200728 19:14:26.150"></status>
</kw>
<kw name="Wait Until Page Contains Element" library="SeleniumLibrary">
<doc>Waits until the element ``locator`` appears on the current page.</doc>
<arguments>
<arg>class:cart-page-footer-summary__subtotal-amount</arg>
</arguments>
<status status="PASS" starttime="20200728 19:14:26.150" endtime="20200728 19:14:26.202"></status>
</kw>
<kw name="Element Should Contain" library="SeleniumLibrary">
<doc>Verifies that element ``locator`` contains text ``expected``.</doc>
<arguments>
<arg>class:cart-page-footer-summary__subtotal-amount</arg>
<arg>฿11,160</arg>
</arguments>
<msg timestamp="20200728 19:14:26.246" level="INFO">Element 'class:cart-page-footer-summary__subtotal-amount' contains text '฿11,160'.</msg>
<status status="PASS" starttime="20200728 19:14:26.202" endtime="20200728 19:14:26.246"></status>
</kw>
<status status="PASS" starttime="20200728 19:14:24.105" endtime="20200728 19:14:26.246"></status>
</kw>
<kw name="กดปุ่ม สั่งสินค้า" library="keywords">
<kw name="Set Window Size" library="SeleniumLibrary">
<doc>Sets current windows size to given ``width`` and ``height``.</doc>
<arguments>
<arg>1920</arg>
<arg>800</arg>
</arguments>
<status status="PASS" starttime="20200728 19:14:26.247" endtime="20200728 19:14:28.429"></status>
</kw>
<kw name="Click Element" library="SeleniumLibrary">
<doc>Click the element identified by ``locator``.</doc>
<arguments>
<arg>//*[@id="main"]/div/div[2]/div[2]/div[3]/div[2]/div[7]/div[5]/button/span</arg>
</arguments>
<msg timestamp="20200728 19:14:28.430" level="INFO">Clicking element '//*[@id="main"]/div/div[2]/div[2]/div[3]/div[2]/div[7]/div[5]/button/span'.</msg>
<status status="PASS" starttime="20200728 19:14:28.429" endtime="20200728 19:14:28.619"></status>
</kw>
<status status="PASS" starttime="20200728 19:14:26.247" endtime="20200728 19:14:28.620"></status>
</kw>
<kw name="ตรวจสอบความถูกต้องของ ค่าใช้จ่ายทั้งหมด" library="keywords">
<kw name="ตรวจสอบความถูกต้องของ ราคาสินค้าชนิดนี้" library="keywords">
<kw name="Sleep" library="BuiltIn">
<doc>Pauses the test executed for the given time.</doc>
<arguments>
<arg>2s</arg>
</arguments>
<msg timestamp="20200728 19:14:30.623" level="INFO">Slept 2 seconds</msg>
<status status="PASS" starttime="20200728 19:14:28.621" endtime="20200728 19:14:30.623"></status>
</kw>
<kw name="Press Keys" library="SeleniumLibrary">
<doc>Simulates the user pressing key(s) to an element or on the active browser.</doc>
<arguments>
<arg>None</arg>
<arg>ARROW_RIGHT+ARROW_DOWN+ARROW_RIGHT+ARROW_DOWN+ARROW_RIGHT+ARROW_DOWN+ARROW_RIGHT+ARROW_DOWN</arg>
</arguments>
<msg timestamp="20200728 19:14:30.624" level="INFO">Sending key(s) ('ARROW_RIGHT+ARROW_DOWN+ARROW_RIGHT+ARROW_DOWN+ARROW_RIGHT+ARROW_DOWN+ARROW_RIGHT+ARROW_DOWN',) to page.</msg>
<msg timestamp="20200728 19:14:30.624" level="INFO">Pressing special key ARROW_RIGHT down.</msg>
<msg timestamp="20200728 19:14:30.624" level="INFO">Pressing special key ARROW_DOWN down.</msg>
<msg timestamp="20200728 19:14:30.624" level="INFO">Pressing special key ARROW_RIGHT down.</msg>
<msg timestamp="20200728 19:14:30.624" level="INFO">Pressing special key ARROW_DOWN down.</msg>
<msg timestamp="20200728 19:14:30.624" level="INFO">Pressing special key ARROW_RIGHT down.</msg>
<msg timestamp="20200728 19:14:30.624" level="INFO">Pressing special key ARROW_DOWN down.</msg>
<msg timestamp="20200728 19:14:30.624" level="INFO">Pressing special key ARROW_RIGHT down.</msg>
<msg timestamp="20200728 19:14:30.625" level="INFO">Pressing special key ARROW_DOWN down.</msg>
<msg timestamp="20200728 19:14:30.625" level="INFO">Releasing special key ARROW_RIGHT.</msg>
<msg timestamp="20200728 19:14:30.625" level="INFO">Releasing special key ARROW_DOWN.</msg>
<msg timestamp="20200728 19:14:30.625" level="INFO">Releasing special key ARROW_RIGHT.</msg>
<msg timestamp="20200728 19:14:30.625" level="INFO">Releasing special key ARROW_DOWN.</msg>
<msg timestamp="20200728 19:14:30.625" level="INFO">Releasing special key ARROW_RIGHT.</msg>
<msg timestamp="20200728 19:14:30.625" level="INFO">Releasing special key ARROW_DOWN.</msg>
<msg timestamp="20200728 19:14:30.625" level="INFO">Releasing special key ARROW_RIGHT.</msg>
<msg timestamp="20200728 19:14:30.625" level="INFO">Releasing special key ARROW_DOWN.</msg>
<status status="PASS" starttime="20200728 19:14:30.623" endtime="20200728 19:14:30.922"></status>
</kw>
<kw name="Wait Until Element Contains" library="SeleniumLibrary">
<doc>Waits until the element ``locator`` contains ``text``.</doc>
<arguments>
<arg>//*[@id="main"]/div/div[2]/div[3]/div[2]/div[2]/div/div[1]/div/div[2]/div/div[5]</arg>
<arg>${PRICE}</arg>
<arg>10s</arg>
</arguments>
<status status="PASS" starttime="20200728 19:14:30.922" endtime="20200728 19:14:31.039"></status>
</kw>
<status status="PASS" starttime="20200728 19:14:28.621" endtime="20200728 19:14:31.039"></status>
</kw>
<kw name="ตรวจสอบความถูกต้องของ ค่าจัดส่ง" library="keywords">
<kw name="Wait Until Element Contains" library="SeleniumLibrary">
<doc>Waits until the element ``locator`` contains ``text``.</doc>
<arguments>
<arg>//div[@class="_1NQqVn"]</arg>
<arg>${LOGISTIC_PRICE}</arg>
<arg>5s</arg>
</arguments>
<status status="PASS" starttime="20200728 19:14:31.040" endtime="20200728 19:14:31.153"></status>
</kw>
<status status="PASS" starttime="20200728 19:14:31.039" endtime="20200728 19:14:31.153"></status>
</kw>
<kw name="ตรวจสอบความถูกต้องของ ราคาของรวมค่าส่ง" library="keywords">
<kw name="Wait Until Element Contains" library="SeleniumLibrary">
<doc>Waits until the element ``locator`` contains ``text``.</doc>
<arguments>
<arg>//div[@class="_7IQQY9"]</arg>
<arg>${TOTAL_PRICE}</arg>
<arg>5s</arg>
</arguments>
<status status="PASS" starttime="20200728 19:14:31.153" endtime="20200728 19:14:31.219"></status>
</kw>
<status status="PASS" starttime="20200728 19:14:31.153" endtime="20200728 19:14:31.219"></status>
</kw>
<status status="PASS" starttime="20200728 19:14:28.620" endtime="20200728 19:14:31.219"></status>
</kw>
<kw name="เลื่อนลงมาที่ปุ่มกดสั่งสินค้า" library="keywords">
<kw name="Press Keys" library="SeleniumLibrary">
<doc>Simulates the user pressing key(s) to an element or on the active browser.</doc>
<arguments>
<arg>None</arg>
<arg>ARROW_DOWN+ARROW_DOWN+ARROW_DOWN+ARROW_DOWN+ARROW_DOWN+ARROW_DOWN+ARROW_DOWN+ARROW_DOWN+ARROW_DOWN+ARROW_DOWN+ARROW_DOWN+ARROW_DOWN+ARROW_DOWN+ARROW_DOWN</arg>
</arguments>
<msg timestamp="20200728 19:14:31.221" level="INFO">Sending key(s) ('ARROW_DOWN+ARROW_DOWN+ARROW_DOWN+ARROW_DOWN+ARROW_DOWN+ARROW_DOWN+ARROW_DOWN+ARROW_DOWN+ARROW_DOWN+ARROW_DOWN+ARROW_DOWN+ARROW_DOWN+ARROW_DOWN+ARROW_DOWN',) to page.</msg>
<msg timestamp="20200728 19:14:31.221" level="INFO">Pressing special key ARROW_DOWN down.</msg>
<msg timestamp="20200728 19:14:31.221" level="INFO">Pressing special key ARROW_DOWN down.</msg>
<msg timestamp="20200728 19:14:31.221" level="INFO">Pressing special key ARROW_DOWN down.</msg>
<msg timestamp="20200728 19:14:31.221" level="INFO">Pressing special key ARROW_DOWN down.</msg>
<msg timestamp="20200728 19:14:31.221" level="INFO">Pressing special key ARROW_DOWN down.</msg>
<msg timestamp="20200728 19:14:31.221" level="INFO">Pressing special key ARROW_DOWN down.</msg>
<msg timestamp="20200728 19:14:31.221" level="INFO">Pressing special key ARROW_DOWN down.</msg>
<msg timestamp="20200728 19:14:31.221" level="INFO">Pressing special key ARROW_DOWN down.</msg>
<msg timestamp="20200728 19:14:31.221" level="INFO">Pressing special key ARROW_DOWN down.</msg>
<msg timestamp="20200728 19:14:31.221" level="INFO">Pressing special key ARROW_DOWN down.</msg>
<msg timestamp="20200728 19:14:31.221" level="INFO">Pressing special key ARROW_DOWN down.</msg>
<msg timestamp="20200728 19:14:31.221" level="INFO">Pressing special key ARROW_DOWN down.</msg>
<msg timestamp="20200728 19:14:31.221" level="INFO">Pressing special key ARROW_DOWN down.</msg>
<msg timestamp="20200728 19:14:31.221" level="INFO">Pressing special key ARROW_DOWN down.</msg>
<msg timestamp="20200728 19:14:31.221" level="INFO">Releasing special key ARROW_DOWN.</msg>
<msg timestamp="20200728 19:14:31.221" level="INFO">Releasing special key ARROW_DOWN.</msg>
<msg timestamp="20200728 19:14:31.221" level="INFO">Releasing special key ARROW_DOWN.</msg>
<msg timestamp="20200728 19:14:31.221" level="INFO">Releasing special key ARROW_DOWN.</msg>
<msg timestamp="20200728 19:14:31.221" level="INFO">Releasing special key ARROW_DOWN.</msg>
<msg timestamp="20200728 19:14:31.221" level="INFO">Releasing special key ARROW_DOWN.</msg>
<msg timestamp="20200728 19:14:31.221" level="INFO">Releasing special key ARROW_DOWN.</msg>
<msg timestamp="20200728 19:14:31.221" level="INFO">Releasing special key ARROW_DOWN.</msg>
<msg timestamp="20200728 19:14:31.221" level="INFO">Releasing special key ARROW_DOWN.</msg>
<msg timestamp="20200728 19:14:31.221" level="INFO">Releasing special key ARROW_DOWN.</msg>
<msg timestamp="20200728 19:14:31.221" level="INFO">Releasing special key ARROW_DOWN.</msg>
<msg timestamp="20200728 19:14:31.221" level="INFO">Releasing special key ARROW_DOWN.</msg>
<msg timestamp="20200728 19:14:31.221" level="INFO">Releasing special key ARROW_DOWN.</msg>
<msg timestamp="20200728 19:14:31.221" level="INFO">Releasing special key ARROW_DOWN.</msg>
<status status="PASS" starttime="20200728 19:14:31.220" endtime="20200728 19:14:31.302"></status>
</kw>
<status status="PASS" starttime="20200728 19:14:31.220" endtime="20200728 19:14:31.303"></status>
</kw>
<kw name="คลิกเลือก iBanking / Mobile" library="keywords">
<kw name="Click Element" library="SeleniumLibrary">
<doc>Click the element identified by ``locator``.</doc>
<arguments>
<arg>//*[@id="main"]/div/div[2]/div[3]/div[4]/div[1]/div/div[1]/div[2]/span[3]/button</arg>
</arguments>
<msg timestamp="20200728 19:14:31.303" level="INFO">Clicking element '//*[@id="main"]/div/div[2]/div[3]/div[4]/div[1]/div/div[1]/div[2]/span[3]/button'.</msg>
<status status="PASS" starttime="20200728 19:14:31.303" endtime="20200728 19:14:31.637"></status>
</kw>
<status status="PASS" starttime="20200728 19:14:31.303" endtime="20200728 19:14:31.637"></status>
</kw>
<kw name="ตรวจสอบธนาคารว่าครบ 5 ธนาคาร" library="keywords">
<kw name="Wait Until Page Contains Element" library="SeleniumLibrary">
<doc>Waits until the element ``locator`` appears on the current page.</doc>
<arguments>
<arg>//img[@src="https://shopee.co.th/static/images/img_bankth_bbl.png"]</arg>
</arguments>
<status status="PASS" starttime="20200728 19:14:31.638" endtime="20200728 19:14:31.693"></status>
</kw>
<kw name="Wait Until Page Contains Element" library="SeleniumLibrary">
<doc>Waits until the element ``locator`` appears on the current page.</doc>
<arguments>
<arg>//img[@src="https://shopee.co.th/static/images/img_bankth_ktb.png"]</arg>
</arguments>
<status status="PASS" starttime="20200728 19:14:31.693" endtime="20200728 19:14:31.795"></status>
</kw>
<kw name="Wait Until Page Contains Element" library="SeleniumLibrary">
<doc>Waits until the element ``locator`` appears on the current page.</doc>
<arguments>
<arg>//img[@src="https://shopee.co.th/static/images/img_bankth_scb.png"]</arg>
</arguments>
<status status="PASS" starttime="20200728 19:14:31.796" endtime="20200728 19:14:31.874"></status>
</kw>
<kw name="Wait Until Page Contains Element" library="SeleniumLibrary">
<doc>Waits until the element ``locator`` appears on the current page.</doc>
<arguments>
<arg>//img[@src="https://mall.shopee.co.th/static/images/img_bankth_kbank.png"]</arg>
</arguments>
<status status="PASS" starttime="20200728 19:14:31.874" endtime="20200728 19:14:31.903"></status>
</kw>
<kw name="Wait Until Page Contains Element" library="SeleniumLibrary">
<doc>Waits until the element ``locator`` appears on the current page.</doc>
<arguments>
<arg>//img[@src="https://mall.shopee.co.th/static/images/img_bankth_bay.png"]</arg>
</arguments>
<status status="PASS" starttime="20200728 19:14:31.903" endtime="20200728 19:14:31.936"></status>
</kw>
<status status="PASS" starttime="20200728 19:14:31.638" endtime="20200728 19:14:31.936"></status>
</kw>
<kw name="คลิกเลือก ธนาคารกรุงไทย" library="keywords">
<kw name="Click Element" library="SeleniumLibrary">
<doc>Click the element identified by ``locator``.</doc>
<arguments>
<arg>//img[@src="https://shopee.co.th/static/images/img_bankth_ktb.png"]</arg>
</arguments>
<msg timestamp="20200728 19:14:31.940" level="INFO">Clicking element '//img[@src="https://shopee.co.th/static/images/img_bankth_ktb.png"]'.</msg>
<status status="PASS" starttime="20200728 19:14:31.939" endtime="20200728 19:14:32.133"></status>
</kw>
<kw name="Press Keys" library="SeleniumLibrary">
<doc>Simulates the user pressing key(s) to an element or on the active browser.</doc>
<arguments>
<arg>None</arg>
<arg>ARROW_DOWN+ARROW_DOWN+ARROW_DOWN+ARROW_DOWN+ARROW_DOWN+ARROW_DOWN+ARROW_DOWN+ARROW</arg>
</arguments>
<msg timestamp="20200728 19:14:32.133" level="INFO">Sending key(s) ('ARROW_DOWN+ARROW_DOWN+ARROW_DOWN+ARROW_DOWN+ARROW_DOWN+ARROW_DOWN+ARROW_DOWN+ARROW',) to page.</msg>
<msg timestamp="20200728 19:14:32.133" level="INFO">Pressing special key ARROW_DOWN down.</msg>
<msg timestamp="20200728 19:14:32.133" level="INFO">Pressing special key ARROW_DOWN down.</msg>
<msg timestamp="20200728 19:14:32.133" level="INFO">Pressing special key ARROW_DOWN down.</msg>
<msg timestamp="20200728 19:14:32.133" level="INFO">Pressing special key ARROW_DOWN down.</msg>
<msg timestamp="20200728 19:14:32.133" level="INFO">Pressing special key ARROW_DOWN down.</msg>
<msg timestamp="20200728 19:14:32.133" level="INFO">Pressing special key ARROW_DOWN down.</msg>
<msg timestamp="20200728 19:14:32.133" level="INFO">Pressing special key ARROW_DOWN down.</msg>
<msg timestamp="20200728 19:14:32.133" level="INFO">Sending keys ARROW</msg>
<msg timestamp="20200728 19:14:32.133" level="INFO">Releasing special key ARROW_DOWN.</msg>
<msg timestamp="20200728 19:14:32.136" level="INFO">Releasing special key ARROW_DOWN.</msg>
<msg timestamp="20200728 19:14:32.136" level="INFO">Releasing special key ARROW_DOWN.</msg>
<msg timestamp="20200728 19:14:32.136" level="INFO">Releasing special key ARROW_DOWN.</msg>
<msg timestamp="20200728 19:14:32.137" level="INFO">Releasing special key ARROW_DOWN.</msg>
<msg timestamp="20200728 19:14:32.137" level="INFO">Releasing special key ARROW_DOWN.</msg>
<msg timestamp="20200728 19:14:32.137" level="INFO">Releasing special key ARROW_DOWN.</msg>
<status status="PASS" starttime="20200728 19:14:32.133" endtime="20200728 19:14:32.207"></status>
</kw>
<status status="PASS" starttime="20200728 19:14:31.939" endtime="20200728 19:14:32.207"></status>
</kw>
<kw name="ตรวจสอบความถูกต้องครั้งสุดท้าย" library="keywords">
<kw name="Wait Until Page Contains Element" library="SeleniumLibrary">
<doc>Waits until the element ``locator`` appears on the current page.</doc>
<arguments>
<arg>//div[@class="_38DBn- _2wZvga _2ZumAb"]</arg>
<arg>10s</arg>
</arguments>
<status status="PASS" starttime="20200728 19:14:32.210" endtime="20200728 19:14:32.270"></status>
</kw>
<kw name="Element Should Contain" library="SeleniumLibrary">
<doc>Verifies that element ``locator`` contains text ``expected``.</doc>
<arguments>
<arg>//div[@class="_38DBn- _2wZvga _2ZumAb"]</arg>
<arg>฿11,160</arg>
</arguments>
<msg timestamp="20200728 19:14:32.349" level="INFO">Element '//div[@class="_38DBn- _2wZvga _2ZumAb"]' contains text '฿11,160'.</msg>
<status status="PASS" starttime="20200728 19:14:32.271" endtime="20200728 19:14:32.350"></status>
</kw>
<kw name="Wait Until Page Contains Element" library="SeleniumLibrary">
<doc>Waits until the element ``locator`` appears on the current page.</doc>
<arguments>
<arg>//*[@id="main"]/div/div[2]/div[3]/div[4]/div[2]/div[4]</arg>
<arg>10s</arg>
</arguments>
<status status="PASS" starttime="20200728 19:14:32.350" endtime="20200728 19:14:32.715"></status>
</kw>
<kw name="Element Should Contain" library="SeleniumLibrary">
<doc>Verifies that element ``locator`` contains text ``expected``.</doc>
<arguments>
<arg>//*[@id="main"]/div/div[2]/div[3]/div[4]/div[2]/div[4]</arg>
<arg>฿50</arg>
</arguments>
<msg timestamp="20200728 19:14:32.777" level="INFO">Element '//*[@id="main"]/div/div[2]/div[3]/div[4]/div[2]/div[4]' contains text '฿50'.</msg>
<status status="PASS" starttime="20200728 19:14:32.715" endtime="20200728 19:14:32.778"></status>
</kw>
<kw name="Wait Until Page Contains Element" library="SeleniumLibrary">
<doc>Waits until the element ``locator`` appears on the current page.</doc>
<arguments>
<arg>//*[@id="main"]/div/div[2]/div[3]/div[4]/div[2]/div[6]</arg>
<arg>10s</arg>
</arguments>
<status status="PASS" starttime="20200728 19:14:32.778" endtime="20200728 19:14:32.822"></status>
</kw>
<kw name="Element Should Contain" library="SeleniumLibrary">
<doc>Verifies that element ``locator`` contains text ``expected``.</doc>
<arguments>
<arg>//*[@id="main"]/div/div[2]/div[3]/div[4]/div[2]/div[6]</arg>
<arg>฿11,210</arg>
</arguments>
<msg timestamp="20200728 19:14:32.871" level="INFO">Element '//*[@id="main"]/div/div[2]/div[3]/div[4]/div[2]/div[6]' contains text '฿11,210'.</msg>
<status status="PASS" starttime="20200728 19:14:32.822" endtime="20200728 19:14:32.871"></status>
</kw>
<status status="PASS" starttime="20200728 19:14:32.209" endtime="20200728 19:14:32.871"></status>
</kw>
<kw name="คลิกสั่งสินค้า ครั้งสุดท้าย" library="keywords">
<kw name="Click Element" library="SeleniumLibrary">
<doc>Click the element identified by ``locator``.</doc>
<arguments>
<arg>//*[@id="main"]/div/div[2]/div[3]/div[4]/div[2]/div[7]/button</arg>
</arguments>
<msg timestamp="20200728 19:14:32.872" level="INFO">Clicking element '//*[@id="main"]/div/div[2]/div[3]/div[4]/div[2]/div[7]/button'.</msg>
<status status="PASS" starttime="20200728 19:14:32.872" endtime="20200728 19:14:33.122"></status>
</kw>
<status status="PASS" starttime="20200728 19:14:32.872" endtime="20200728 19:14:33.122"></status>
</kw>
<kw name="ปิด Chrome" library="keywords" type="teardown">
<kw name="Close Browser" library="SeleniumLibrary">
<doc>Closes the current browser.</doc>
<status status="PASS" starttime="20200728 19:14:33.123" endtime="20200728 19:14:35.805"></status>
</kw>
<status status="PASS" starttime="20200728 19:14:33.123" endtime="20200728 19:14:35.806"></status>
</kw>
<status status="PASS" starttime="20200728 19:12:41.692" endtime="20200728 19:14:35.808" critical="yes"></status>
</test>
<status status="PASS" starttime="20200728 19:12:41.403" endtime="20200728 19:14:35.812"></status>
</suite>
<statistics>
<total>
<stat pass="1" fail="0">Critical Tests</stat>
<stat pass="1" fail="0">All Tests</stat>
</total>
<tag>
</tag>
<suite>
<stat pass="1" fail="0" id="s1" name="Shopee">Shopee</stat>
</suite>
</statistics>
<errors>
</errors>
</robot>
