<?xml version="1.0" encoding="UTF-8"?>
<robot generator="Robot 3.2.1 (Python 3.8.5 on win32)" generated="20200728 19:42:35.028" rpa="false">
<suite id="s1" name="Shopee" source="C:\Users\ekkaratpro\Desktop\Robot-workshop\Shopee\team-working-area\shopee.robot">
<test id="s1-t1" name="ซื้อเครื่องวัดความดัน Xiaomi ใน Shopee ผ่าน Chrome">
<kw name="เปิด Shopee ด้วย Google Chrome" library="keywords" type="setup">
<kw name="Open Browser" library="SeleniumLibrary">
<doc>Opens a new browser instance to the optional ``url``.</doc>
<arguments>
<arg>${URL}</arg>
<arg>chrome</arg>
</arguments>
<msg timestamp="20200728 19:42:35.404" level="INFO">Opening browser 'chrome' to base url 'https://shopee.co.th/(Pre-Order)-Xiaomi-iHealth-Blood-Pressure-Monitor-2-%E0%B9%80%E0%B8%84%E0%B8%A3%E0%B8%B7%E0%B9%88%E0%B8%AD%E0%B8%87%E0%B8%A7%E0%B8%B1%E0%B8%94%E0%B8%84%E0%B8%A7%E0%B8%B2%E0%B8%A1%E0%B8%94%E0%B8%B1%E0%B8%99-%E0%B8%A3%E0%B8%B8%E0%B9%88%E0%B8%99-2-i.8172430.1307643368'.</msg>
<status status="PASS" starttime="20200728 19:42:35.403" endtime="20200728 19:42:42.623"></status>
</kw>
<status status="PASS" starttime="20200728 19:42:35.403" endtime="20200728 19:42:42.623"></status>
</kw>
<kw name="กดเลือกภาษาอังกฤษ" library="keywords">
<kw name="Wait Until Page Contains Element" library="SeleniumLibrary">
<doc>Waits until the element ``locator`` appears on the current page.</doc>
<arguments>
<arg>//button[@class="shopee-button-outline shopee-button-outline--primary-reverse "]</arg>
</arguments>
<status status="PASS" starttime="20200728 19:42:42.625" endtime="20200728 19:42:44.722"></status>
</kw>
<kw name="Click Element" library="SeleniumLibrary">
<doc>Click the element identified by ``locator``.</doc>
<arguments>
<arg>//button[@class="shopee-button-outline shopee-button-outline--primary-reverse "]</arg>
</arguments>
<msg timestamp="20200728 19:42:44.723" level="INFO">Clicking element '//button[@class="shopee-button-outline shopee-button-outline--primary-reverse "]'.</msg>
<status status="PASS" starttime="20200728 19:42:44.722" endtime="20200728 19:42:45.927"></status>
</kw>
<status status="PASS" starttime="20200728 19:42:42.625" endtime="20200728 19:42:45.927"></status>
</kw>
<kw name="กดซื้อเลย" library="keywords">
<kw name="Wait Until Page Contains Element" library="SeleniumLibrary">
<doc>Waits until the element ``locator`` appears on the current page.</doc>
<arguments>
<arg>//button[@class="btn btn-solid-primary btn--l YtgjXY"]</arg>
</arguments>
<status status="PASS" starttime="20200728 19:42:45.929" endtime="20200728 19:42:46.887"></status>
</kw>
<kw name="Click Element" library="SeleniumLibrary">
<doc>Click the element identified by ``locator``.</doc>
<arguments>
<arg>//button[@class="btn btn-solid-primary btn--l YtgjXY"]</arg>
</arguments>
<msg timestamp="20200728 19:42:46.887" level="INFO">Clicking element '//button[@class="btn btn-solid-primary btn--l YtgjXY"]'.</msg>
<status status="PASS" starttime="20200728 19:42:46.887" endtime="20200728 19:42:47.340"></status>
</kw>
<status status="PASS" starttime="20200728 19:42:45.928" endtime="20200728 19:42:47.340"></status>
</kw>
<kw name="ลงชื่อผู้ใช้" library="keywords">
<kw name="Wait Until Page Contains Element" library="SeleniumLibrary">
<doc>Waits until the element ``locator`` appears on the current page.</doc>
<arguments>
<arg>//input[@placeholder="หมายเลขโทรศัพท์ / Email / ชื่อผู้ใช้"]</arg>
</arguments>
<status status="PASS" starttime="20200728 19:42:47.342" endtime="20200728 19:42:48.664"></status>
</kw>
<kw name="Input Text" library="SeleniumLibrary">
<doc>Types the given ``text`` into the text field identified by ``locator``.</doc>
<arguments>
<arg>//input[@placeholder="หมายเลขโทรศัพท์ / Email / ชื่อผู้ใช้"]</arg>
<arg>${EMAIL}</arg>
</arguments>
<msg timestamp="20200728 19:42:48.665" level="INFO">Typing text 'test.test@outlook.co.th' into text field '//input[@placeholder="หมายเลขโทรศัพท์ / Email / ชื่อผู้ใช้"]'.</msg>
<status status="PASS" starttime="20200728 19:42:48.665" endtime="20200728 19:42:49.880"></status>
</kw>
<kw name="Input Text" library="SeleniumLibrary">
<doc>Types the given ``text`` into the text field identified by ``locator``.</doc>
<arguments>
<arg>//input[@placeholder="รหัสผ่าน"]</arg>
<arg>${PASSWORD}</arg>
</arguments>
<msg timestamp="20200728 19:42:49.881" level="INFO">Typing text 'AllianzG4' into text field '//input[@placeholder="รหัสผ่าน"]'.</msg>
<status status="PASS" starttime="20200728 19:42:49.880" endtime="20200728 19:42:50.254"></status>
</kw>
<status status="PASS" starttime="20200728 19:42:47.341" endtime="20200728 19:42:50.254"></status>
</kw>
<kw name="กด Enter" library="keywords">
<kw name="Press Keys" library="SeleniumLibrary">
<doc>Simulates the user pressing key(s) to an element or on the active browser.</doc>
<arguments>
<arg>//input[@placeholder="รหัสผ่าน"]</arg>
<arg>RETURN</arg>
</arguments>
<msg timestamp="20200728 19:42:50.256" level="INFO">Sending key(s) ('RETURN',) to //input[@placeholder="รหัสผ่าน"] element.</msg>
<msg timestamp="20200728 19:42:50.574" level="INFO">Pressing special key RETURN to element.</msg>
<msg timestamp="20200728 19:42:50.574" level="INFO">Releasing special key RETURN.</msg>
<status status="PASS" starttime="20200728 19:42:50.256" endtime="20200728 19:42:50.628"></status>
</kw>
<status status="PASS" starttime="20200728 19:42:50.255" endtime="20200728 19:42:50.628"></status>
</kw>
<kw name="หยุดรอพิมพ์ OTP" library="keywords">
<kw name="Sleep" library="BuiltIn">
<doc>Pauses the test executed for the given time.</doc>
<arguments>
<arg>${TIME}</arg>
</arguments>
<msg timestamp="20200728 19:44:20.632" level="INFO">Slept 1 minute 30 seconds</msg>
<status status="PASS" starttime="20200728 19:42:50.630" endtime="20200728 19:44:20.632"></status>
</kw>
<status status="PASS" starttime="20200728 19:42:50.629" endtime="20200728 19:44:20.632"></status>
</kw>
<kw name="กดตะกร้าสินค้า" library="keywords">
<kw name="Click Element" library="SeleniumLibrary">
<doc>Click the element identified by ``locator``.</doc>
<arguments>
<arg>//*[@id="main"]/div/div[2]/div[2]/div[2]/div[2]/div[3]/div/div[5]/div/div/button[2]</arg>
</arguments>
<msg timestamp="20200728 19:44:20.634" level="INFO">Clicking element '//*[@id="main"]/div/div[2]/div[2]/div[2]/div[2]/div[3]/div/div[5]/div/div/button[2]'.</msg>
<status status="PASS" starttime="20200728 19:44:20.634" endtime="20200728 19:44:20.993"></status>
</kw>
<status status="PASS" starttime="20200728 19:44:20.634" endtime="20200728 19:44:20.993"></status>
</kw>
<kw name="ตรวจสอบ ราคา รายละเอียดสินค้า" library="keywords">
<kw name="Wait Until Page Contains Element" library="SeleniumLibrary">
<doc>Waits until the element ``locator`` appears on the current page.</doc>
<arguments>
<arg>class:cart-item-overview__name</arg>
</arguments>
<status status="PASS" starttime="20200728 19:44:20.996" endtime="20200728 19:44:22.829"></status>
</kw>
<kw name="Element Should Contain" library="SeleniumLibrary">
<doc>Verifies that element ``locator`` contains text ``expected``.</doc>
<arguments>
<arg>class:cart-item-overview__name</arg>
<arg>(Pre-Order) Xiaomi iHealth Blood Pressure Monitor 2 - เครื่องวัดความดัน รุ่น 2</arg>
</arguments>
<msg timestamp="20200728 19:44:22.896" level="INFO">Element 'class:cart-item-overview__name' contains text '(Pre-Order) Xiaomi iHealth Blood Pressure Monitor 2 - เครื่องวัดความดัน รุ่น 2'.</msg>
<status status="PASS" starttime="20200728 19:44:22.829" endtime="20200728 19:44:22.896"></status>
</kw>
<kw name="Wait Until Page Contains Element" library="SeleniumLibrary">
<doc>Waits until the element ``locator`` appears on the current page.</doc>
<arguments>
<arg>//*[@id="main"]//div[4]/div/span</arg>
</arguments>
<status status="PASS" starttime="20200728 19:44:22.897" endtime="20200728 19:44:22.940"></status>
</kw>
<kw name="Element Should Contain" library="SeleniumLibrary">
<doc>Verifies that element ``locator`` contains text ``expected``.</doc>
<arguments>
<arg>//*[@id="main"]//div[4]/div/span</arg>
<arg>฿11,160</arg>
</arguments>
<msg timestamp="20200728 19:44:23.073" level="INFO">Element '//*[@id="main"]//div[4]/div/span' contains text '฿11,160'.</msg>
<status status="PASS" starttime="20200728 19:44:22.940" endtime="20200728 19:44:23.073"></status>
</kw>
<kw name="Wait Until Page Contains Element" library="SeleniumLibrary">
<doc>Waits until the element ``locator`` appears on the current page.</doc>
<arguments>
<arg>//*[@id="main"]//div[5]/div[1]/input</arg>
</arguments>
<status status="PASS" starttime="20200728 19:44:23.073" endtime="20200728 19:44:23.110"></status>
</kw>
<kw name="Wait Until Page Contains Element" library="SeleniumLibrary">
<doc>Waits until the element ``locator`` appears on the current page.</doc>
<arguments>
<arg>class:cart-item__cell-total-price</arg>
</arguments>
<status status="PASS" starttime="20200728 19:44:23.110" endtime="20200728 19:44:23.144"></status>
</kw>
<kw name="Element Should Contain" library="SeleniumLibrary">
<doc>Verifies that element ``locator`` contains text ``expected``.</doc>
<arguments>
<arg>class:cart-item__cell-total-price</arg>
<arg>฿11,160</arg>
</arguments>
<msg timestamp="20200728 19:44:23.212" level="INFO">Element 'class:cart-item__cell-total-price' contains text '฿11,160'.</msg>
<status status="PASS" starttime="20200728 19:44:23.145" endtime="20200728 19:44:23.213"></status>
</kw>
<kw name="Wait Until Page Contains Element" library="SeleniumLibrary">
<doc>Waits until the element ``locator`` appears on the current page.</doc>
<arguments>
<arg>class:cart-page-footer-summary__subtotal-amount</arg>
</arguments>
<status status="PASS" starttime="20200728 19:44:23.213" endtime="20200728 19:44:23.262"></status>
</kw>
<kw name="Element Should Contain" library="SeleniumLibrary">
<doc>Verifies that element ``locator`` contains text ``expected``.</doc>
<arguments>
<arg>class:cart-page-footer-summary__subtotal-amount</arg>
<arg>฿11,160</arg>
</arguments>
<msg timestamp="20200728 19:44:23.446" level="INFO">Element 'class:cart-page-footer-summary__subtotal-amount' contains text '฿11,160'.</msg>
<status status="PASS" starttime="20200728 19:44:23.262" endtime="20200728 19:44:23.446"></status>
</kw>
<status status="PASS" starttime="20200728 19:44:20.995" endtime="20200728 19:44:23.446"></status>
</kw>
<kw name="กดปุ่ม สั่งสินค้า" library="keywords">
<kw name="Set Window Size" library="SeleniumLibrary">
<doc>Sets current windows size to given ``width`` and ``height``.</doc>
<arguments>
<arg>1920</arg>
<arg>800</arg>
</arguments>
<status status="PASS" starttime="20200728 19:44:23.448" endtime="20200728 19:44:25.650"></status>
</kw>
<kw name="Click Element" library="SeleniumLibrary">
<doc>Click the element identified by ``locator``.</doc>
<arguments>
<arg>//*[@id="main"]/div/div[2]/div[2]/div[3]/div[2]/div[7]/div[5]/button/span</arg>
</arguments>
<msg timestamp="20200728 19:44:25.651" level="INFO">Clicking element '//*[@id="main"]/div/div[2]/div[2]/div[3]/div[2]/div[7]/div[5]/button/span'.</msg>
<status status="PASS" starttime="20200728 19:44:25.651" endtime="20200728 19:44:25.913"></status>
</kw>
<status status="PASS" starttime="20200728 19:44:23.448" endtime="20200728 19:44:25.914"></status>
</kw>
<kw name="ตรวจสอบความถูกต้องของ ค่าใช้จ่ายทั้งหมด" library="keywords">
<kw name="ตรวจสอบความถูกต้องของ ราคาสินค้าชนิดนี้" library="keywords">
<kw name="Sleep" library="BuiltIn">
<doc>Pauses the test executed for the given time.</doc>
<arguments>
<arg>2s</arg>
</arguments>
<msg timestamp="20200728 19:44:27.917" level="INFO">Slept 2 seconds</msg>
<status status="PASS" starttime="20200728 19:44:25.916" endtime="20200728 19:44:27.917"></status>
</kw>
<kw name="Press Keys" library="SeleniumLibrary">
<doc>Simulates the user pressing key(s) to an element or on the active browser.</doc>
<arguments>
<arg>None</arg>
<arg>ARROW_RIGHT+ARROW_DOWN+ARROW_RIGHT+ARROW_DOWN+ARROW_RIGHT+ARROW_DOWN+ARROW_RIGHT+ARROW_DOWN</arg>
</arguments>
<msg timestamp="20200728 19:44:27.918" level="INFO">Sending key(s) ('ARROW_RIGHT+ARROW_DOWN+ARROW_RIGHT+ARROW_DOWN+ARROW_RIGHT+ARROW_DOWN+ARROW_RIGHT+ARROW_DOWN',) to page.</msg>
<msg timestamp="20200728 19:44:27.919" level="INFO">Pressing special key ARROW_RIGHT down.</msg>
<msg timestamp="20200728 19:44:27.919" level="INFO">Pressing special key ARROW_DOWN down.</msg>
<msg timestamp="20200728 19:44:27.919" level="INFO">Pressing special key ARROW_RIGHT down.</msg>
<msg timestamp="20200728 19:44:27.919" level="INFO">Pressing special key ARROW_DOWN down.</msg>
<msg timestamp="20200728 19:44:27.919" level="INFO">Pressing special key ARROW_RIGHT down.</msg>
<msg timestamp="20200728 19:44:27.920" level="INFO">Pressing special key ARROW_DOWN down.</msg>
<msg timestamp="20200728 19:44:27.920" level="INFO">Pressing special key ARROW_RIGHT down.</msg>
<msg timestamp="20200728 19:44:27.920" level="INFO">Pressing special key ARROW_DOWN down.</msg>
<msg timestamp="20200728 19:44:27.920" level="INFO">Releasing special key ARROW_RIGHT.</msg>
<msg timestamp="20200728 19:44:27.920" level="INFO">Releasing special key ARROW_DOWN.</msg>
<msg timestamp="20200728 19:44:27.920" level="INFO">Releasing special key ARROW_RIGHT.</msg>
<msg timestamp="20200728 19:44:27.920" level="INFO">Releasing special key ARROW_DOWN.</msg>
<msg timestamp="20200728 19:44:27.920" level="INFO">Releasing special key ARROW_RIGHT.</msg>
<msg timestamp="20200728 19:44:27.920" level="INFO">Releasing special key ARROW_DOWN.</msg>
<msg timestamp="20200728 19:44:27.920" level="INFO">Releasing special key ARROW_RIGHT.</msg>
<msg timestamp="20200728 19:44:27.920" level="INFO">Releasing special key ARROW_DOWN.</msg>
<status status="PASS" starttime="20200728 19:44:27.917" endtime="20200728 19:44:28.643"></status>
</kw>
<kw name="Wait Until Element Contains" library="SeleniumLibrary">
<doc>Waits until the element ``locator`` contains ``text``.</doc>
<arguments>
<arg>//*[@id="main"]/div/div[2]/div[3]/div[2]/div[2]/div/div[1]/div/div[2]/div/div[5]</arg>
<arg>${PRICE}</arg>
<arg>10s</arg>
</arguments>
<status status="PASS" starttime="20200728 19:44:28.644" endtime="20200728 19:44:28.774"></status>
</kw>
<status status="PASS" starttime="20200728 19:44:25.916" endtime="20200728 19:44:28.774"></status>
</kw>
<kw name="ตรวจสอบความถูกต้องของ ค่าจัดส่ง" library="keywords">
<kw name="Wait Until Element Contains" library="SeleniumLibrary">
<doc>Waits until the element ``locator`` contains ``text``.</doc>
<arguments>
<arg>//div[@class="_1NQqVn"]</arg>
<arg>${LOGISTIC_PRICE}</arg>
<arg>5s</arg>
</arguments>
<status status="PASS" starttime="20200728 19:44:28.775" endtime="20200728 19:44:28.874"></status>
</kw>
<status status="PASS" starttime="20200728 19:44:28.775" endtime="20200728 19:44:28.874"></status>
</kw>
<kw name="ตรวจสอบความถูกต้องของ ราคาของรวมค่าส่ง" library="keywords">
<kw name="Wait Until Element Contains" library="SeleniumLibrary">
<doc>Waits until the element ``locator`` contains ``text``.</doc>
<arguments>
<arg>//div[@class="_7IQQY9"]</arg>
<arg>${TOTAL_PRICE}</arg>
<arg>5s</arg>
</arguments>
<status status="PASS" starttime="20200728 19:44:28.875" endtime="20200728 19:44:28.946"></status>
</kw>
<status status="PASS" starttime="20200728 19:44:28.874" endtime="20200728 19:44:28.947"></status>
</kw>
<status status="PASS" starttime="20200728 19:44:25.915" endtime="20200728 19:44:28.947"></status>
</kw>
<kw name="เลื่อนลงมาที่ปุ่มกดสั่งสินค้า" library="keywords">
<kw name="Press Keys" library="SeleniumLibrary">
<doc>Simulates the user pressing key(s) to an element or on the active browser.</doc>
<arguments>
<arg>None</arg>
<arg>ARROW_DOWN+ARROW_DOWN+ARROW_DOWN+ARROW_DOWN+ARROW_DOWN+ARROW_DOWN+ARROW_DOWN+ARROW_DOWN+ARROW_DOWN+ARROW_DOWN+ARROW_DOWN+ARROW_DOWN+ARROW_DOWN+ARROW_DOWN</arg>
</arguments>
<msg timestamp="20200728 19:44:28.949" level="INFO">Sending key(s) ('ARROW_DOWN+ARROW_DOWN+ARROW_DOWN+ARROW_DOWN+ARROW_DOWN+ARROW_DOWN+ARROW_DOWN+ARROW_DOWN+ARROW_DOWN+ARROW_DOWN+ARROW_DOWN+ARROW_DOWN+ARROW_DOWN+ARROW_DOWN',) to page.</msg>
<msg timestamp="20200728 19:44:28.950" level="INFO">Pressing special key ARROW_DOWN down.</msg>
<msg timestamp="20200728 19:44:28.950" level="INFO">Pressing special key ARROW_DOWN down.</msg>
<msg timestamp="20200728 19:44:28.950" level="INFO">Pressing special key ARROW_DOWN down.</msg>
<msg timestamp="20200728 19:44:28.950" level="INFO">Pressing special key ARROW_DOWN down.</msg>
<msg timestamp="20200728 19:44:28.950" level="INFO">Pressing special key ARROW_DOWN down.</msg>
<msg timestamp="20200728 19:44:28.950" level="INFO">Pressing special key ARROW_DOWN down.</msg>
<msg timestamp="20200728 19:44:28.950" level="INFO">Pressing special key ARROW_DOWN down.</msg>
<msg timestamp="20200728 19:44:28.950" level="INFO">Pressing special key ARROW_DOWN down.</msg>
<msg timestamp="20200728 19:44:28.950" level="INFO">Pressing special key ARROW_DOWN down.</msg>
<msg timestamp="20200728 19:44:28.950" level="INFO">Pressing special key ARROW_DOWN down.</msg>
<msg timestamp="20200728 19:44:28.950" level="INFO">Pressing special key ARROW_DOWN down.</msg>
<msg timestamp="20200728 19:44:28.950" level="INFO">Pressing special key ARROW_DOWN down.</msg>
<msg timestamp="20200728 19:44:28.950" level="INFO">Pressing special key ARROW_DOWN down.</msg>
<msg timestamp="20200728 19:44:28.950" level="INFO">Pressing special key ARROW_DOWN down.</msg>
<msg timestamp="20200728 19:44:28.950" level="INFO">Releasing special key ARROW_DOWN.</msg>
<msg timestamp="20200728 19:44:28.950" level="INFO">Releasing special key ARROW_DOWN.</msg>
<msg timestamp="20200728 19:44:28.951" level="INFO">Releasing special key ARROW_DOWN.</msg>
<msg timestamp="20200728 19:44:28.951" level="INFO">Releasing special key ARROW_DOWN.</msg>
<msg timestamp="20200728 19:44:28.951" level="INFO">Releasing special key ARROW_DOWN.</msg>
<msg timestamp="20200728 19:44:28.951" level="INFO">Releasing special key ARROW_DOWN.</msg>
<msg timestamp="20200728 19:44:28.951" level="INFO">Releasing special key ARROW_DOWN.</msg>
<msg timestamp="20200728 19:44:28.951" level="INFO">Releasing special key ARROW_DOWN.</msg>
<msg timestamp="20200728 19:44:28.951" level="INFO">Releasing special key ARROW_DOWN.</msg>
<msg timestamp="20200728 19:44:28.951" level="INFO">Releasing special key ARROW_DOWN.</msg>
<msg timestamp="20200728 19:44:28.951" level="INFO">Releasing special key ARROW_DOWN.</msg>
<msg timestamp="20200728 19:44:28.951" level="INFO">Releasing special key ARROW_DOWN.</msg>
<msg timestamp="20200728 19:44:28.951" level="INFO">Releasing special key ARROW_DOWN.</msg>
<msg timestamp="20200728 19:44:28.951" level="INFO">Releasing special key ARROW_DOWN.</msg>
<status status="PASS" starttime="20200728 19:44:28.949" endtime="20200728 19:44:29.026"></status>
</kw>
<status status="PASS" starttime="20200728 19:44:28.948" endtime="20200728 19:44:29.027"></status>
</kw>
<kw name="คลิกเลือก iBanking / Mobile" library="keywords">
<kw name="Click Element" library="SeleniumLibrary">
<doc>Click the element identified by ``locator``.</doc>
<arguments>
<arg>//*[@id="main"]/div/div[2]/div[3]/div[4]/div[1]/div/div[1]/div[2]/span[3]/button</arg>
</arguments>
<msg timestamp="20200728 19:44:29.031" level="INFO">Clicking element '//*[@id="main"]/div/div[2]/div[3]/div[4]/div[1]/div/div[1]/div[2]/span[3]/button'.</msg>
<status status="PASS" starttime="20200728 19:44:29.029" endtime="20200728 19:44:29.312"></status>
</kw>
<status status="PASS" starttime="20200728 19:44:29.028" endtime="20200728 19:44:29.313"></status>
</kw>
<kw name="ตรวจสอบธนาคารว่าครบ 5 ธนาคาร" library="keywords">
<kw name="Wait Until Page Contains Element" library="SeleniumLibrary">
<doc>Waits until the element ``locator`` appears on the current page.</doc>
<arguments>
<arg>//img[@src="https://shopee.co.th/static/images/img_bankth_bbl.png"]</arg>
</arguments>
<status status="PASS" starttime="20200728 19:44:29.315" endtime="20200728 19:44:29.378"></status>
</kw>
<kw name="Wait Until Page Contains Element" library="SeleniumLibrary">
<doc>Waits until the element ``locator`` appears on the current page.</doc>
<arguments>
<arg>//img[@src="https://shopee.co.th/static/images/img_bankth_ktb.png"]</arg>
</arguments>
<status status="PASS" starttime="20200728 19:44:29.378" endtime="20200728 19:44:29.434"></status>
</kw>
<kw name="Wait Until Page Contains Element" library="SeleniumLibrary">
<doc>Waits until the element ``locator`` appears on the current page.</doc>
<arguments>
<arg>//img[@src="https://shopee.co.th/static/images/img_bankth_scb.png"]</arg>
</arguments>
<status status="PASS" starttime="20200728 19:44:29.434" endtime="20200728 19:44:29.606"></status>
</kw>
<kw name="Wait Until Page Contains Element" library="SeleniumLibrary">
<doc>Waits until the element ``locator`` appears on the current page.</doc>
<arguments>
<arg>//img[@src="https://mall.shopee.co.th/static/images/img_bankth_kbank.png"]</arg>
</arguments>
<status status="PASS" starttime="20200728 19:44:29.606" endtime="20200728 19:44:29.652"></status>
</kw>
<kw name="Wait Until Page Contains Element" library="SeleniumLibrary">
<doc>Waits until the element ``locator`` appears on the current page.</doc>
<arguments>
<arg>//img[@src="https://mall.shopee.co.th/static/images/img_bankth_bay.png"]</arg>
</arguments>
<status status="PASS" starttime="20200728 19:44:29.652" endtime="20200728 19:44:29.688"></status>
</kw>
<status status="PASS" starttime="20200728 19:44:29.314" endtime="20200728 19:44:29.688"></status>
</kw>
<kw name="คลิกเลือก ธนาคารกรุงไทย" library="keywords">
<kw name="Click Element" library="SeleniumLibrary">
<doc>Click the element identified by ``locator``.</doc>
<arguments>
<arg>//img[@src="https://shopee.co.th/static/images/img_bankth_ktb.png"]</arg>
</arguments>
<msg timestamp="20200728 19:44:29.690" level="INFO">Clicking element '//img[@src="https://shopee.co.th/static/images/img_bankth_ktb.png"]'.</msg>
<status status="PASS" starttime="20200728 19:44:29.689" endtime="20200728 19:44:29.818"></status>
</kw>
<kw name="Press Keys" library="SeleniumLibrary">
<doc>Simulates the user pressing key(s) to an element or on the active browser.</doc>
<arguments>
<arg>None</arg>
<arg>ARROW_DOWN+ARROW_DOWN+ARROW_DOWN+ARROW_DOWN+ARROW_DOWN+ARROW_DOWN+ARROW_DOWN+ARROW</arg>
</arguments>
<msg timestamp="20200728 19:44:29.819" level="INFO">Sending key(s) ('ARROW_DOWN+ARROW_DOWN+ARROW_DOWN+ARROW_DOWN+ARROW_DOWN+ARROW_DOWN+ARROW_DOWN+ARROW',) to page.</msg>
<msg timestamp="20200728 19:44:29.819" level="INFO">Pressing special key ARROW_DOWN down.</msg>
<msg timestamp="20200728 19:44:29.819" level="INFO">Pressing special key ARROW_DOWN down.</msg>
<msg timestamp="20200728 19:44:29.819" level="INFO">Pressing special key ARROW_DOWN down.</msg>
<msg timestamp="20200728 19:44:29.819" level="INFO">Pressing special key ARROW_DOWN down.</msg>
<msg timestamp="20200728 19:44:29.819" level="INFO">Pressing special key ARROW_DOWN down.</msg>
<msg timestamp="20200728 19:44:29.819" level="INFO">Pressing special key ARROW_DOWN down.</msg>
<msg timestamp="20200728 19:44:29.819" level="INFO">Pressing special key ARROW_DOWN down.</msg>
<msg timestamp="20200728 19:44:29.819" level="INFO">Sending keys ARROW</msg>
<msg timestamp="20200728 19:44:29.819" level="INFO">Releasing special key ARROW_DOWN.</msg>
<msg timestamp="20200728 19:44:29.819" level="INFO">Releasing special key ARROW_DOWN.</msg>
<msg timestamp="20200728 19:44:29.820" level="INFO">Releasing special key ARROW_DOWN.</msg>
<msg timestamp="20200728 19:44:29.820" level="INFO">Releasing special key ARROW_DOWN.</msg>
<msg timestamp="20200728 19:44:29.820" level="INFO">Releasing special key ARROW_DOWN.</msg>
<msg timestamp="20200728 19:44:29.820" level="INFO">Releasing special key ARROW_DOWN.</msg>
<msg timestamp="20200728 19:44:29.820" level="INFO">Releasing special key ARROW_DOWN.</msg>
<status status="PASS" starttime="20200728 19:44:29.818" endtime="20200728 19:44:29.899"></status>
</kw>
<status status="PASS" starttime="20200728 19:44:29.689" endtime="20200728 19:44:29.899"></status>
</kw>
<kw name="ตรวจสอบความถูกต้องครั้งสุดท้าย" library="keywords">
<kw name="Wait Until Page Contains Element" library="SeleniumLibrary">
<doc>Waits until the element ``locator`` appears on the current page.</doc>
<arguments>
<arg>//div[@class="_38DBn- _2wZvga _2ZumAb"]</arg>
<arg>10s</arg>
</arguments>
<status status="PASS" starttime="20200728 19:44:29.902" endtime="20200728 19:44:29.957"></status>
</kw>
<kw name="Element Should Contain" library="SeleniumLibrary">
<doc>Verifies that element ``locator`` contains text ``expected``.</doc>
<arguments>
<arg>//div[@class="_38DBn- _2wZvga _2ZumAb"]</arg>
<arg>฿11,160</arg>
</arguments>
<msg timestamp="20200728 19:44:30.045" level="INFO">Element '//div[@class="_38DBn- _2wZvga _2ZumAb"]' contains text '฿11,160'.</msg>
<status status="PASS" starttime="20200728 19:44:29.958" endtime="20200728 19:44:30.045"></status>
</kw>
<kw name="Wait Until Page Contains Element" library="SeleniumLibrary">
<doc>Waits until the element ``locator`` appears on the current page.</doc>
<arguments>
<arg>//*[@id="main"]/div/div[2]/div[3]/div[4]/div[2]/div[4]</arg>
<arg>10s</arg>
</arguments>
<status status="PASS" starttime="20200728 19:44:30.045" endtime="20200728 19:44:30.092"></status>
</kw>
<kw name="Element Should Contain" library="SeleniumLibrary">
<doc>Verifies that element ``locator`` contains text ``expected``.</doc>
<arguments>
<arg>//*[@id="main"]/div/div[2]/div[3]/div[4]/div[2]/div[4]</arg>
<arg>฿50</arg>
</arguments>
<msg timestamp="20200728 19:44:30.142" level="INFO">Element '//*[@id="main"]/div/div[2]/div[3]/div[4]/div[2]/div[4]' contains text '฿50'.</msg>
<status status="PASS" starttime="20200728 19:44:30.092" endtime="20200728 19:44:30.142"></status>
</kw>
<kw name="Wait Until Page Contains Element" library="SeleniumLibrary">
<doc>Waits until the element ``locator`` appears on the current page.</doc>
<arguments>
<arg>//*[@id="main"]/div/div[2]/div[3]/div[4]/div[2]/div[6]</arg>
<arg>10s</arg>
</arguments>
<status status="PASS" starttime="20200728 19:44:30.142" endtime="20200728 19:44:30.172"></status>
</kw>
<kw name="Element Should Contain" library="SeleniumLibrary">
<doc>Verifies that element ``locator`` contains text ``expected``.</doc>
<arguments>
<arg>//*[@id="main"]/div/div[2]/div[3]/div[4]/div[2]/div[6]</arg>
<arg>฿11,210</arg>
</arguments>
<msg timestamp="20200728 19:44:30.220" level="INFO">Element '//*[@id="main"]/div/div[2]/div[3]/div[4]/div[2]/div[6]' contains text '฿11,210'.</msg>
<status status="PASS" starttime="20200728 19:44:30.172" endtime="20200728 19:44:30.220"></status>
</kw>
<status status="PASS" starttime="20200728 19:44:29.901" endtime="20200728 19:44:30.221"></status>
</kw>
<kw name="คลิกสั่งสินค้า ครั้งสุดท้าย" library="keywords">
<kw name="Click Element" library="SeleniumLibrary">
<doc>Click the element identified by ``locator``.</doc>
<arguments>
<arg>//*[@id="main"]/div/div[2]/div[3]/div[4]/div[2]/div[7]/button</arg>
</arguments>
<msg timestamp="20200728 19:44:30.223" level="INFO">Clicking element '//*[@id="main"]/div/div[2]/div[3]/div[4]/div[2]/div[7]/button'.</msg>
<status status="PASS" starttime="20200728 19:44:30.223" endtime="20200728 19:44:30.508"></status>
</kw>
<status status="PASS" starttime="20200728 19:44:30.222" endtime="20200728 19:44:30.509"></status>
</kw>
<kw name="ปิด Chrome" library="keywords" type="teardown">
<kw name="Close Browser" library="SeleniumLibrary">
<doc>Closes the current browser.</doc>
<status status="PASS" starttime="20200728 19:44:30.511" endtime="20200728 19:44:33.112"></status>
</kw>
<status status="PASS" starttime="20200728 19:44:30.510" endtime="20200728 19:44:33.113"></status>
</kw>
<status status="PASS" starttime="20200728 19:42:35.400" endtime="20200728 19:44:33.116" critical="yes"></status>
</test>
<status status="PASS" starttime="20200728 19:42:35.034" endtime="20200728 19:44:33.125"></status>
</suite>
<statistics>
<total>
<stat pass="1" fail="0">Critical Tests</stat>
<stat pass="1" fail="0">All Tests</stat>
</total>
<tag>
</tag>
<suite>
<stat pass="1" fail="0" id="s1" name="Shopee">Shopee</stat>
</suite>
</statistics>
<errors>
</errors>
</robot>
